{"/home/node/app/src/category/domain/entities/category.ts": {"path":"/home/node/app/src/category/domain/entities/category.ts","all":false,"statementMap":{"0":{"start":{"line":1,"column":0},"end":{"line":1,"column":23}},"1":{"start":{"line":2,"column":0},"end":{"line":2,"column":39}},"2":{"start":{"line":3,"column":0},"end":{"line":3,"column":1}}},"s":{"0":1,"1":1,"2":1},"branchMap":{"0":{"type":"branch","line":1,"loc":{"start":{"line":1,"column":13},"end":{"line":1,"column":21}},"locations":[{"start":{"line":1,"column":13},"end":{"line":1,"column":21}}]},"1":{"type":"branch","line":2,"loc":{"start":{"line":2,"column":4},"end":{"line":2,"column":39}},"locations":[{"start":{"line":2,"column":4},"end":{"line":2,"column":39}}]}},"b":{"0":[1],"1":[1]},"fnMap":{"0":{"name":"get","decl":{"start":{"line":1,"column":13},"end":{"line":1,"column":21}},"loc":{"start":{"line":1,"column":13},"end":{"line":1,"column":21}},"line":1},"1":{"name":"Category","decl":{"start":{"line":2,"column":4},"end":{"line":2,"column":39}},"loc":{"start":{"line":2,"column":4},"end":{"line":2,"column":39}},"line":2}},"f":{"0":1,"1":1}}
}
